CRITICAL - 2023-07-14 04:25:16 --> Undefined array key 1
in APPPATH/Controllers/Upload.php on line 37.
 1 APPPATH/Controllers/Upload.php(37): CodeIgniter\Debug\Exceptions->errorHandler()
 2 SYSTEMPATH/CodeIgniter.php(932): App\Controllers\Upload->importData()
 3 SYSTEMPATH/CodeIgniter.php(497): CodeIgniter\CodeIgniter->runController()
 4 SYSTEMPATH/CodeIgniter.php(366): CodeIgniter\CodeIgniter->handleRequest()
 5 FCPATH/index.php(67): CodeIgniter\CodeIgniter->run()
 6 SYSTEMPATH/Commands/Server/rewrite.php(47): require_once('/home/vivekanands/Documents/ci/codeigniter4-framework-e392123/public/index.php')
CRITICAL - 2023-07-14 04:28:45 --> Undefined constant "App\Controllers\i"
in APPPATH/Controllers/Upload.php on line 70.
 1 SYSTEMPATH/CodeIgniter.php(932): App\Controllers\Upload->importData()
 2 SYSTEMPATH/CodeIgniter.php(497): CodeIgniter\CodeIgniter->runController()
 3 SYSTEMPATH/CodeIgniter.php(366): CodeIgniter\CodeIgniter->handleRequest()
 4 FCPATH/index.php(67): CodeIgniter\CodeIgniter->run()
 5 SYSTEMPATH/Commands/Server/rewrite.php(47): require_once('/home/vivekanands/Documents/ci/codeigniter4-framework-e392123/public/index.php')
CRITICAL - 2023-07-14 05:20:08 --> count(): Argument #1 ($value) must be of type Countable|array, stdClass given
in APPPATH/Views/parse_data.php on line 38.
 1 SYSTEMPATH/View/View.php(224): include()
 2 SYSTEMPATH/View/View.php(227): CodeIgniter\View\View->CodeIgniter\View\{closure}()
 3 SYSTEMPATH/Common.php(1180): CodeIgniter\View\View->render()
 4 APPPATH/Controllers/Upload.php(87): view()
 5 SYSTEMPATH/CodeIgniter.php(932): App\Controllers\Upload->importData()
 6 SYSTEMPATH/CodeIgniter.php(497): CodeIgniter\CodeIgniter->runController()
 7 SYSTEMPATH/CodeIgniter.php(366): CodeIgniter\CodeIgniter->handleRequest()
 8 FCPATH/index.php(67): CodeIgniter\CodeIgniter->run()
 9 SYSTEMPATH/Commands/Server/rewrite.php(47): require_once('/home/vivekanands/Documents/ci/codeigniter4-framework-e392123/public/index.php')
CRITICAL - 2023-07-14 05:25:46 --> Undefined variable $dup
in APPPATH/Views/parse_data.php on line 41.
 1 APPPATH/Views/parse_data.php(41): CodeIgniter\Debug\Exceptions->errorHandler()
 2 SYSTEMPATH/View/View.php(224): include('/home/vivekanands/Documents/ci/codeigniter4-framework-e392123/app/Views/parse_data.php')
 3 SYSTEMPATH/View/View.php(227): CodeIgniter\View\View->CodeIgniter\View\{closure}()
 4 SYSTEMPATH/Common.php(1180): CodeIgniter\View\View->render()
 5 APPPATH/Controllers/Upload.php(87): view()
 6 SYSTEMPATH/CodeIgniter.php(932): App\Controllers\Upload->importData()
 7 SYSTEMPATH/CodeIgniter.php(497): CodeIgniter\CodeIgniter->runController()
 8 SYSTEMPATH/CodeIgniter.php(366): CodeIgniter\CodeIgniter->handleRequest()
 9 FCPATH/index.php(67): CodeIgniter\CodeIgniter->run()
10 SYSTEMPATH/Commands/Server/rewrite.php(47): require_once('/home/vivekanands/Documents/ci/codeigniter4-framework-e392123/public/index.php')
CRITICAL - 2023-07-14 06:06:27 --> syntax error, unexpected integer "0", expecting identifier or variable or "{" or "$"
in APPPATH/Views/parse_data.php on line 44.
 1 SYSTEMPATH/View/View.php(227): CodeIgniter\View\View->CodeIgniter\View\{closure}()
 2 SYSTEMPATH/Common.php(1180): CodeIgniter\View\View->render()
 3 APPPATH/Controllers/Upload.php(87): view()
 4 SYSTEMPATH/CodeIgniter.php(932): App\Controllers\Upload->importData()
 5 SYSTEMPATH/CodeIgniter.php(497): CodeIgniter\CodeIgniter->runController()
 6 SYSTEMPATH/CodeIgniter.php(366): CodeIgniter\CodeIgniter->handleRequest()
 7 FCPATH/index.php(67): CodeIgniter\CodeIgniter->run()
 8 SYSTEMPATH/Commands/Server/rewrite.php(47): require_once('/home/vivekanands/Documents/ci/codeigniter4-framework-e392123/public/index.php')
CRITICAL - 2023-07-14 06:40:15 --> Undefined variable $count
in APPPATH/Controllers/Upload.php on line 25.
 1 APPPATH/Controllers/Upload.php(25): CodeIgniter\Debug\Exceptions->errorHandler()
 2 SYSTEMPATH/CodeIgniter.php(932): App\Controllers\Upload->insertData()
 3 SYSTEMPATH/CodeIgniter.php(497): CodeIgniter\CodeIgniter->runController()
 4 SYSTEMPATH/CodeIgniter.php(366): CodeIgniter\CodeIgniter->handleRequest()
 5 FCPATH/index.php(67): CodeIgniter\CodeIgniter->run()
 6 SYSTEMPATH/Commands/Server/rewrite.php(47): require_once('/home/vivekanands/Documents/ci/codeigniter4-framework-e392123/public/index.php')
CRITICAL - 2023-07-14 08:41:12 --> Cannot access protected property CodeIgniter\HTTP\Files\UploadedFile::$name
in APPPATH/Controllers/Upload.php on line 41.
 1 SYSTEMPATH/CodeIgniter.php(932): App\Controllers\Upload->importData()
 2 SYSTEMPATH/CodeIgniter.php(497): CodeIgniter\CodeIgniter->runController()
 3 SYSTEMPATH/CodeIgniter.php(366): CodeIgniter\CodeIgniter->handleRequest()
 4 FCPATH/index.php(67): CodeIgniter\CodeIgniter->run()
 5 SYSTEMPATH/Commands/Server/rewrite.php(47): require_once('/home/vivekanands/Documents/ci/codeigniter4-framework-e392123/public/index.php')
CRITICAL - 2023-07-14 08:44:03 --> Cannot use object of type CodeIgniter\HTTP\Files\UploadedFile as array
in APPPATH/Controllers/Upload.php on line 41.
 1 SYSTEMPATH/CodeIgniter.php(932): App\Controllers\Upload->importData()
 2 SYSTEMPATH/CodeIgniter.php(497): CodeIgniter\CodeIgniter->runController()
 3 SYSTEMPATH/CodeIgniter.php(366): CodeIgniter\CodeIgniter->handleRequest()
 4 FCPATH/index.php(67): CodeIgniter\CodeIgniter->run()
 5 SYSTEMPATH/Commands/Server/rewrite.php(47): require_once('/home/vivekanands/Documents/ci/codeigniter4-framework-e392123/public/index.php')
CRITICAL - 2023-07-14 08:44:29 --> Cannot use object of type CodeIgniter\HTTP\Files\UploadedFile as array
in APPPATH/Controllers/Upload.php on line 41.
 1 SYSTEMPATH/CodeIgniter.php(932): App\Controllers\Upload->importData()
 2 SYSTEMPATH/CodeIgniter.php(497): CodeIgniter\CodeIgniter->runController()
 3 SYSTEMPATH/CodeIgniter.php(366): CodeIgniter\CodeIgniter->handleRequest()
 4 FCPATH/index.php(67): CodeIgniter\CodeIgniter->run()
 5 SYSTEMPATH/Commands/Server/rewrite.php(47): require_once('/home/vivekanands/Documents/ci/codeigniter4-framework-e392123/public/index.php')
CRITICAL - 2023-07-14 08:45:46 --> Cannot use object of type CodeIgniter\HTTP\Files\UploadedFile as array
in APPPATH/Controllers/Upload.php on line 41.
 1 SYSTEMPATH/CodeIgniter.php(932): App\Controllers\Upload->importData()
 2 SYSTEMPATH/CodeIgniter.php(497): CodeIgniter\CodeIgniter->runController()
 3 SYSTEMPATH/CodeIgniter.php(366): CodeIgniter\CodeIgniter->handleRequest()
 4 FCPATH/index.php(67): CodeIgniter\CodeIgniter->run()
 5 SYSTEMPATH/Commands/Server/rewrite.php(47): require_once('/home/vivekanands/Documents/ci/codeigniter4-framework-e392123/public/index.php')
CRITICAL - 2023-07-14 08:46:08 --> Undefined variable $extension
in APPPATH/Controllers/Upload.php on line 46.
 1 APPPATH/Controllers/Upload.php(46): CodeIgniter\Debug\Exceptions->errorHandler()
 2 SYSTEMPATH/CodeIgniter.php(932): App\Controllers\Upload->importData()
 3 SYSTEMPATH/CodeIgniter.php(497): CodeIgniter\CodeIgniter->runController()
 4 SYSTEMPATH/CodeIgniter.php(366): CodeIgniter\CodeIgniter->handleRequest()
 5 FCPATH/index.php(67): CodeIgniter\CodeIgniter->run()
 6 SYSTEMPATH/Commands/Server/rewrite.php(47): require_once('/home/vivekanands/Documents/ci/codeigniter4-framework-e392123/public/index.php')
CRITICAL - 2023-07-14 08:47:28 --> Class "PhpOffice\PhpSpreadsheet\Reader\Xlsx" not found
in APPPATH/Controllers/Upload.php on line 50.
 1 SYSTEMPATH/CodeIgniter.php(932): App\Controllers\Upload->importData()
 2 SYSTEMPATH/CodeIgniter.php(497): CodeIgniter\CodeIgniter->runController()
 3 SYSTEMPATH/CodeIgniter.php(366): CodeIgniter\CodeIgniter->handleRequest()
 4 FCPATH/index.php(67): CodeIgniter\CodeIgniter->run()
 5 SYSTEMPATH/Commands/Server/rewrite.php(47): require_once('/home/vivekanands/Documents/ci/codeigniter4-framework-e392123/public/index.php')
CRITICAL - 2023-07-14 08:48:01 --> Class "PhpOffice\PhpSpreadsheet\Reader\Xlsx" not found
in APPPATH/Controllers/Upload.php on line 52.
 1 SYSTEMPATH/CodeIgniter.php(932): App\Controllers\Upload->importData()
 2 SYSTEMPATH/CodeIgniter.php(497): CodeIgniter\CodeIgniter->runController()
 3 SYSTEMPATH/CodeIgniter.php(366): CodeIgniter\CodeIgniter->handleRequest()
 4 FCPATH/index.php(67): CodeIgniter\CodeIgniter->run()
 5 SYSTEMPATH/Commands/Server/rewrite.php(47): require_once('/home/vivekanands/Documents/ci/codeigniter4-framework-e392123/public/index.php')
CRITICAL - 2023-07-14 08:54:05 --> Undefined variable $file_name
in APPPATH/Controllers/Upload.php on line 53.
 1 APPPATH/Controllers/Upload.php(53): CodeIgniter\Debug\Exceptions->errorHandler()
 2 SYSTEMPATH/CodeIgniter.php(932): App\Controllers\Upload->importData()
 3 SYSTEMPATH/CodeIgniter.php(497): CodeIgniter\CodeIgniter->runController()
 4 SYSTEMPATH/CodeIgniter.php(366): CodeIgniter\CodeIgniter->handleRequest()
 5 FCPATH/index.php(67): CodeIgniter\CodeIgniter->run()
 6 SYSTEMPATH/Commands/Server/rewrite.php(47): require_once('/home/vivekanands/Documents/ci/codeigniter4-framework-e392123/public/index.php')
CRITICAL - 2023-07-14 08:54:50 --> PhpOffice\PhpSpreadsheet\Reader\BaseReader::load(): Argument #1 ($filename) must be of type string, resource given, called in /home/vivekanands/Documents/ci/codeigniter4-framework-e392123/app/Controllers/Upload.php on line 53
in VENDORPATH/phpoffice/phpspreadsheet/src/PhpSpreadsheet/Reader/BaseReader.php on line 177.
 1 APPPATH/Controllers/Upload.php(53): PhpOffice\PhpSpreadsheet\Reader\BaseReader->load()
 2 SYSTEMPATH/CodeIgniter.php(932): App\Controllers\Upload->importData()
 3 SYSTEMPATH/CodeIgniter.php(497): CodeIgniter\CodeIgniter->runController()
 4 SYSTEMPATH/CodeIgniter.php(366): CodeIgniter\CodeIgniter->handleRequest()
 5 FCPATH/index.php(67): CodeIgniter\CodeIgniter->run()
 6 SYSTEMPATH/Commands/Server/rewrite.php(47): require_once('/home/vivekanands/Documents/ci/codeigniter4-framework-e392123/public/index.php')
CRITICAL - 2023-07-14 08:55:39 --> Undefined variable $new_name
in APPPATH/Controllers/Upload.php on line 53.
 1 APPPATH/Controllers/Upload.php(53): CodeIgniter\Debug\Exceptions->errorHandler()
 2 SYSTEMPATH/CodeIgniter.php(932): App\Controllers\Upload->importData()
 3 SYSTEMPATH/CodeIgniter.php(497): CodeIgniter\CodeIgniter->runController()
 4 SYSTEMPATH/CodeIgniter.php(366): CodeIgniter\CodeIgniter->handleRequest()
 5 FCPATH/index.php(67): CodeIgniter\CodeIgniter->run()
 6 SYSTEMPATH/Commands/Server/rewrite.php(47): require_once('/home/vivekanands/Documents/ci/codeigniter4-framework-e392123/public/index.php')
CRITICAL - 2023-07-14 09:04:10 --> Undefined array key 2
in APPPATH/Controllers/Upload.php on line 66.
 1 APPPATH/Controllers/Upload.php(66): CodeIgniter\Debug\Exceptions->errorHandler()
 2 SYSTEMPATH/CodeIgniter.php(932): App\Controllers\Upload->importData()
 3 SYSTEMPATH/CodeIgniter.php(497): CodeIgniter\CodeIgniter->runController()
 4 SYSTEMPATH/CodeIgniter.php(366): CodeIgniter\CodeIgniter->handleRequest()
 5 FCPATH/index.php(67): CodeIgniter\CodeIgniter->run()
 6 SYSTEMPATH/Commands/Server/rewrite.php(47): require_once('/home/vivekanands/Documents/ci/codeigniter4-framework-e392123/public/index.php')
CRITICAL - 2023-07-14 09:04:48 --> Undefined array key 2
in APPPATH/Controllers/Upload.php on line 66.
 1 APPPATH/Controllers/Upload.php(66): CodeIgniter\Debug\Exceptions->errorHandler()
 2 SYSTEMPATH/CodeIgniter.php(932): App\Controllers\Upload->importData()
 3 SYSTEMPATH/CodeIgniter.php(497): CodeIgniter\CodeIgniter->runController()
 4 SYSTEMPATH/CodeIgniter.php(366): CodeIgniter\CodeIgniter->handleRequest()
 5 FCPATH/index.php(67): CodeIgniter\CodeIgniter->run()
 6 SYSTEMPATH/Commands/Server/rewrite.php(47): require_once('/home/vivekanands/Documents/ci/codeigniter4-framework-e392123/public/index.php')
